0 info it worked if it ends with ok
1 verbose cli [ '/usr/local/bin/node',
1 verbose cli   '/usr/local/bin/npm',
1 verbose cli   'install',
1 verbose cli   'less',
1 verbose cli   '-g' ]
2 info using npm@2.14.7
3 info using node@v4.2.2
4 verbose install initial load of /usr/local/lib/package.json
5 verbose readDependencies loading dependencies from /usr/local/lib/package.json
6 silly cache add args [ 'less', null ]
7 verbose cache add spec less
8 silly cache add parsed spec Result {
8 silly cache add   raw: 'less',
8 silly cache add   scope: null,
8 silly cache add   name: 'less',
8 silly cache add   rawSpec: '',
8 silly cache add   spec: '*',
8 silly cache add   type: 'range' }
9 silly addNamed less@*
10 verbose addNamed "*" is a valid semver range for less
11 silly addNameRange { name: 'less', range: '*', hasData: false }
12 silly mapToRegistry name less
13 silly mapToRegistry using default registry
14 silly mapToRegistry registry https://registry.npmjs.org/
15 silly mapToRegistry uri https://registry.npmjs.org/less
16 verbose addNameRange registry:https://registry.npmjs.org/less not in flight; fetching
17 verbose request uri https://registry.npmjs.org/less
18 verbose request no auth needed
19 info attempt registry request try #1 at 10:02:52 PM
20 verbose request id bf8e05216173daf9
21 verbose etag "40N7XCZW73BD6AFM3TXMKGTWV"
22 http request GET https://registry.npmjs.org/less
23 http 304 https://registry.npmjs.org/less
24 verbose headers { date: 'Fri, 20 Nov 2015 06:02:52 GMT',
24 verbose headers   via: '1.1 varnish',
24 verbose headers   'cache-control': 'max-age=60',
24 verbose headers   etag: '"40N7XCZW73BD6AFM3TXMKGTWV"',
24 verbose headers   age: '36',
24 verbose headers   connection: 'keep-alive',
24 verbose headers   'x-served-by': 'cache-lax1425-LAX',
24 verbose headers   'x-cache': 'HIT',
24 verbose headers   'x-cache-hits': '1',
24 verbose headers   'x-timer': 'S1447999372.722554,VS0,VE1',
24 verbose headers   vary: 'Accept' }
25 silly get cb [ 304,
25 silly get   { date: 'Fri, 20 Nov 2015 06:02:52 GMT',
25 silly get     via: '1.1 varnish',
25 silly get     'cache-control': 'max-age=60',
25 silly get     etag: '"40N7XCZW73BD6AFM3TXMKGTWV"',
25 silly get     age: '36',
25 silly get     connection: 'keep-alive',
25 silly get     'x-served-by': 'cache-lax1425-LAX',
25 silly get     'x-cache': 'HIT',
25 silly get     'x-cache-hits': '1',
25 silly get     'x-timer': 'S1447999372.722554,VS0,VE1',
25 silly get     vary: 'Accept' } ]
26 verbose etag https://registry.npmjs.org/less from cache
27 verbose get saving less to /Users/Anikethan/.npm/registry.npmjs.org/less/.cache.json
28 silly addNameRange number 2 { name: 'less', range: '*', hasData: true }
29 silly addNameRange versions [ 'less',
29 silly addNameRange   [ '1.0.10',
29 silly addNameRange     '1.0.11',
29 silly addNameRange     '1.0.14',
29 silly addNameRange     '1.0.18',
29 silly addNameRange     '1.0.19',
29 silly addNameRange     '1.0.21',
29 silly addNameRange     '1.0.32',
29 silly addNameRange     '1.0.36',
29 silly addNameRange     '1.0.5',
29 silly addNameRange     '1.0.40',
29 silly addNameRange     '1.0.41',
29 silly addNameRange     '1.0.44',
29 silly addNameRange     '1.1.0',
29 silly addNameRange     '1.1.1',
29 silly addNameRange     '1.1.2',
29 silly addNameRange     '1.1.4',
29 silly addNameRange     '1.1.5',
29 silly addNameRange     '1.1.6',
29 silly addNameRange     '1.2.0',
29 silly addNameRange     '1.2.1',
29 silly addNameRange     '1.2.2',
29 silly addNameRange     '1.3.0',
29 silly addNameRange     '1.3.1',
29 silly addNameRange     '1.3.2',
29 silly addNameRange     '1.3.3',
29 silly addNameRange     '1.4.0-b1',
29 silly addNameRange     '1.4.0-b2',
29 silly addNameRange     '1.4.0-b3',
29 silly addNameRange     '1.4.0-b4',
29 silly addNameRange     '1.4.0',
29 silly addNameRange     '1.4.1',
29 silly addNameRange     '1.4.2',
29 silly addNameRange     '1.5.0-b1',
29 silly addNameRange     '1.5.0-b2',
29 silly addNameRange     '1.5.0-b3',
29 silly addNameRange     '1.5.0-b4',
29 silly addNameRange     '1.5.0',
29 silly addNameRange     '1.5.1',
29 silly addNameRange     '1.6.0',
29 silly addNameRange     '1.6.1',
29 silly addNameRange     '1.6.2',
29 silly addNameRange     '1.6.3',
29 silly addNameRange     '1.7.0',
29 silly addNameRange     '1.7.1',
29 silly addNameRange     '1.7.3',
29 silly addNameRange     '1.7.4',
29 silly addNameRange     '1.7.5',
29 silly addNameRange     '2.0.0-b1',
29 silly addNameRange     '2.0.0-b2',
29 silly addNameRange     '2.0.0-b3',
29 silly addNameRange     '2.0.0',
29 silly addNameRange     '2.1.0',
29 silly addNameRange     '2.1.1',
29 silly addNameRange     '2.1.2',
29 silly addNameRange     '2.2.0',
29 silly addNameRange     '2.3.0',
29 silly addNameRange     '2.3.1',
29 silly addNameRange     '2.4.0',
29 silly addNameRange     '2.5.0',
29 silly addNameRange     '2.5.1',
29 silly addNameRange     '2.5.2',
29 silly addNameRange     '2.5.3' ] ]
30 silly addNamed less@2.5.3
31 verbose addNamed "2.5.3" is a plain semver version for less
32 silly cache afterAdd less@2.5.3
33 verbose afterAdd /Users/Anikethan/.npm/less/2.5.3/package/package.json not in flight; writing
34 verbose afterAdd /Users/Anikethan/.npm/less/2.5.3/package/package.json written
35 silly install resolved [ { name: 'less',
35 silly install resolved     version: '2.5.3',
35 silly install resolved     description: 'Leaner CSS',
35 silly install resolved     homepage: 'http://lesscss.org',
35 silly install resolved     author: { name: 'Alexis Sellier', email: 'self@cloudhead.net' },
35 silly install resolved     contributors: [ [Object] ],
35 silly install resolved     bugs: { url: 'https://github.com/less/less.js/issues' },
35 silly install resolved     repository: { type: 'git', url: 'git+https://github.com/less/less.js.git' },
35 silly install resolved     license: 'Apache-2.0',
35 silly install resolved     bin: { lessc: './bin/lessc' },
35 silly install resolved     main: 'index',
35 silly install resolved     directories: { test: './test' },
35 silly install resolved     jam: { main: './dist/less.js' },
35 silly install resolved     browser: './dist/less.js',
35 silly install resolved     engines: { node: '>=0.10.0' },
35 silly install resolved     scripts: { test: 'grunt test' },
35 silly install resolved     optionalDependencies:
35 silly install resolved      { errno: '^0.1.1',
35 silly install resolved        'graceful-fs': '^3.0.5',
35 silly install resolved        'image-size': '~0.3.5',
35 silly install resolved        mime: '^1.2.11',
35 silly install resolved        mkdirp: '^0.5.0',
35 silly install resolved        promise: '^6.0.1',
35 silly install resolved        request: '^2.51.0',
35 silly install resolved        'source-map': '^0.4.2' },
35 silly install resolved     devDependencies:
35 silly install resolved      { diff: '^1.0',
35 silly install resolved        grunt: '^0.4.5',
35 silly install resolved        'grunt-contrib-clean': '^0.6.0',
35 silly install resolved        'grunt-contrib-concat': '^0.5.0',
35 silly install resolved        'grunt-contrib-connect': '^0.9.0',
35 silly install resolved        'grunt-contrib-jasmine': '^0.8.2',
35 silly install resolved        'grunt-contrib-jshint': '^0.11.0',
35 silly install resolved        'grunt-contrib-uglify': '^0.8.0',
35 silly install resolved        'grunt-jscs': '^1.6.0',
35 silly install resolved        'grunt-shell': '^1.1.1',
35 silly install resolved        'grunt-browserify': '~3.5.0',
35 silly install resolved        'jit-grunt': '^0.9.1',
35 silly install resolved        'time-grunt': '^1.0.0',
35 silly install resolved        'grunt-saucelabs': '^8.3.2' },
35 silly install resolved     keywords:
35 silly install resolved      [ 'compile less',
35 silly install resolved        'css nesting',
35 silly install resolved        'css variable',
35 silly install resolved        'css',
35 silly install resolved        'gradients css',
35 silly install resolved        'gradients css3',
35 silly install resolved        'less compiler',
35 silly install resolved        'less css',
35 silly install resolved        'less mixins',
35 silly install resolved        'less',
35 silly install resolved        'less.js',
35 silly install resolved        'lesscss',
35 silly install resolved        'mixins',
35 silly install resolved        'nested css',
35 silly install resolved        'parser',
35 silly install resolved        'preprocessor',
35 silly install resolved        'bootstrap css',
35 silly install resolved        'bootstrap less',
35 silly install resolved        'style',
35 silly install resolved        'styles',
35 silly install resolved        'stylesheet',
35 silly install resolved        'variables in css',
35 silly install resolved        'css less' ],
35 silly install resolved     gitHead: '33fa72767e7474f3aedbbff83d8343217c08f58a',
35 silly install resolved     dependencies:
35 silly install resolved      { errno: '^0.1.1',
35 silly install resolved        'graceful-fs': '^3.0.5',
35 silly install resolved        'image-size': '~0.3.5',
35 silly install resolved        mime: '^1.2.11',
35 silly install resolved        mkdirp: '^0.5.0',
35 silly install resolved        promise: '^6.0.1',
35 silly install resolved        request: '^2.51.0',
35 silly install resolved        'source-map': '^0.4.2' },
35 silly install resolved     _id: 'less@2.5.3',
35 silly install resolved     _shasum: '9ff586e8a703515fc18dc99c7bc498d2f3ad4849',
35 silly install resolved     _from: 'less@*',
35 silly install resolved     _npmVersion: '3.3.3',
35 silly install resolved     _nodeVersion: '0.12.2',
35 silly install resolved     _npmUser: { name: 'agatronic', email: 'luke.a.page@gmail.com' },
35 silly install resolved     dist:
35 silly install resolved      { shasum: '9ff586e8a703515fc18dc99c7bc498d2f3ad4849',
35 silly install resolved        tarball: 'http://registry.npmjs.org/less/-/less-2.5.3.tgz' },
35 silly install resolved     maintainers: [ [Object], [Object] ],
35 silly install resolved     _resolved: 'https://registry.npmjs.org/less/-/less-2.5.3.tgz',
35 silly install resolved     readme: 'ERROR: No README data found!' } ]
36 info install less@2.5.3 into /usr/local/lib
37 info installOne less@2.5.3
38 verbose installOne of less to /usr/local/lib not in flight; installing
39 verbose lock using /Users/Anikethan/.npm/_locks/less-c2213c903e2e7354.lock for /usr/local/lib/node_modules/less
40 silly install write writing less 2.5.3 to /usr/local/lib/node_modules/less
41 verbose unbuild lib/node_modules/less
42 silly gentlyRm /usr/local/lib/node_modules/less is being purged from base /usr/local
43 verbose gentlyRm don't care about contents; nuking /usr/local/lib/node_modules/less
44 verbose tar unpack /Users/Anikethan/.npm/less/2.5.3/package.tgz
45 verbose tar unpacking to /usr/local/lib/node_modules/less
46 silly gentlyRm /usr/local/lib/node_modules/less is being purged
47 verbose gentlyRm don't care about contents; nuking /usr/local/lib/node_modules/less
48 silly gunzTarPerm modes [ '755', '644' ]
49 error tar.unpack untar error /Users/Anikethan/.npm/less/2.5.3/package.tgz
50 verbose unlock done using /Users/Anikethan/.npm/_locks/less-c2213c903e2e7354.lock for /usr/local/lib/node_modules/less
51 verbose fstream_path /usr/local/lib/node_modules/less
52 verbose fstream_type Directory
53 verbose fstream_class DirWriter
54 verbose stack Error: EACCES: permission denied, mkdir '/usr/local/lib/node_modules/less'
54 verbose stack     at Error (native)
55 verbose fstream_stack /usr/local/lib/node_modules/npm/node_modules/fstream/lib/dir-writer.js:35:25
55 verbose fstream_stack /usr/local/lib/node_modules/npm/node_modules/mkdirp/index.js:47:53
55 verbose fstream_stack FSReqWrap.oncomplete (fs.js:82:15)
56 verbose cwd /Users/Anikethan/Desktop/mobile IOS/Project 2
57 error Darwin 13.4.0
58 error argv "/usr/local/bin/node" "/usr/local/bin/npm" "install" "less" "-g"
59 error node v4.2.2
60 error npm  v2.14.7
61 error path /usr/local/lib/node_modules/less
62 error code EACCES
63 error errno -13
64 error syscall mkdir
65 error Error: EACCES: permission denied, mkdir '/usr/local/lib/node_modules/less'
65 error     at Error (native)
65 error  { [Error: EACCES: permission denied, mkdir '/usr/local/lib/node_modules/less']
65 error   errno: -13,
65 error   code: 'EACCES',
65 error   syscall: 'mkdir',
65 error   path: '/usr/local/lib/node_modules/less',
65 error   fstream_type: 'Directory',
65 error   fstream_path: '/usr/local/lib/node_modules/less',
65 error   fstream_class: 'DirWriter',
65 error   fstream_stack:
65 error    [ '/usr/local/lib/node_modules/npm/node_modules/fstream/lib/dir-writer.js:35:25',
65 error      '/usr/local/lib/node_modules/npm/node_modules/mkdirp/index.js:47:53',
65 error      'FSReqWrap.oncomplete (fs.js:82:15)' ] }
66 error Please try running this command again as root/Administrator.
67 verbose exit [ -13, true ]
68 verbose unbuild lib/node_modules/less
69 silly gentlyRm /usr/local/lib/node_modules/less is being purged from base /usr/local
70 verbose gentlyRm don't care about contents; nuking /usr/local/lib/node_modules/less
